<?xml version="1.0" encoding="UTF-8"?>
<testng-results skipped="0" failed="0" total="1" passed="1">
  <reporter-output>
  </reporter-output>
  <suite name="Suite" duration-ms="144032" started-at="2016-03-08T14:08:10Z" finished-at="2016-03-08T14:10:34Z">
    <groups>
    </groups>
    <test name="Test" duration-ms="144032" started-at="2016-03-08T14:08:10Z" finished-at="2016-03-08T14:10:34Z">
      <class name="shop.gcrit.driver.ExecuteTest">
        <test-method status="PASS" signature="test()[pri:0, instance:shop.gcrit.driver.ExecuteTest@145f66e3]" name="test" duration-ms="144008" started-at="2016-03-08T15:08:10Z" finished-at="2016-03-08T15:10:34Z">
          <reporter-output>
          </reporter-output>
        </test-method> <!-- test -->
      </class> <!-- shop.gcrit.driver.ExecuteTest -->
    </test> <!-- Test -->
  </suite> <!-- Suite -->
</testng-results>
